/home/jordyn/ros2_ws/src/visualization/install/gui/lib/python3.10/site-packages/gui/gui.py
/home/jordyn/ros2_ws/src/visualization/install/gui/lib/python3.10/site-packages/gui/params_window.py
/home/jordyn/ros2_ws/src/visualization/install/gui/lib/python3.10/site-packages/gui/detection_visualizer.py
/home/jordyn/ros2_ws/src/visualization/install/gui/lib/python3.10/site-packages/gui/__init__.py
/home/jordyn/ros2_ws/src/visualization/install/gui/lib/python3.10/site-packages/gui/__pycache__/gui.cpython-310.pyc
/home/jordyn/ros2_ws/src/visualization/install/gui/lib/python3.10/site-packages/gui/__pycache__/params_window.cpython-310.pyc
/home/jordyn/ros2_ws/src/visualization/install/gui/lib/python3.10/site-packages/gui/__pycache__/detection_visualizer.cpython-310.pyc
/home/jordyn/ros2_ws/src/visualization/install/gui/lib/python3.10/site-packages/gui/__pycache__/__init__.cpython-310.pyc
/home/jordyn/ros2_ws/src/visualization/install/gui/share/ament_index/resource_index/packages/gui
/home/jordyn/ros2_ws/src/visualization/install/gui/share/gui/package.xml
/home/jordyn/ros2_ws/src/visualization/install/gui/share/gui/launch/launch.py
/home/jordyn/ros2_ws/src/visualization/install/gui/lib/python3.10/site-packages/gui-0.0.0-py3.10.egg-info/dependency_links.txt
/home/jordyn/ros2_ws/src/visualization/install/gui/lib/python3.10/site-packages/gui-0.0.0-py3.10.egg-info/zip-safe
/home/jordyn/ros2_ws/src/visualization/install/gui/lib/python3.10/site-packages/gui-0.0.0-py3.10.egg-info/requires.txt
/home/jordyn/ros2_ws/src/visualization/install/gui/lib/python3.10/site-packages/gui-0.0.0-py3.10.egg-info/SOURCES.txt
/home/jordyn/ros2_ws/src/visualization/install/gui/lib/python3.10/site-packages/gui-0.0.0-py3.10.egg-info/top_level.txt
/home/jordyn/ros2_ws/src/visualization/install/gui/lib/python3.10/site-packages/gui-0.0.0-py3.10.egg-info/PKG-INFO
/home/jordyn/ros2_ws/src/visualization/install/gui/lib/python3.10/site-packages/gui-0.0.0-py3.10.egg-info/entry_points.txt
/home/jordyn/ros2_ws/src/visualization/install/gui/lib/gui/detection_visualizer
/home/jordyn/ros2_ws/src/visualization/install/gui/lib/gui/gui
/home/jordyn/ros2_ws/src/visualization/install/gui/lib/gui/params_window
