[0.563s] Invoking command in '/home/jordyn/ros2_ws/src/visualization/gui': PYTHONPATH=/home/jordyn/ros2_ws/src/visualization/build/gui/prefix_override:/usr/lib/python3/dist-packages/colcon_core/task/python/colcon_distutils_commands:/home/jordyn/ros2_ws/src/visualization/install/gui/lib/python3.10/site-packages:${PYTHONPATH} /usr/bin/python3 -W ignore:setup.py install is deprecated setup.py egg_info --egg-base ../build/gui build --build-base /home/jordyn/ros2_ws/src/visualization/build/gui/build install --record /home/jordyn/ros2_ws/src/visualization/build/gui/install.log --single-version-externally-managed install_data
[0.674s] /home/jordyn/.local/lib/python3.10/site-packages/setuptools/_distutils/dist.py:270: UserWarning: Unknown distribution option: 'tests_require'
[0.674s]   warnings.warn(msg)
[0.749s] running egg_info
[0.761s] creating ../build/gui/gui.egg-info
[0.762s] writing ../build/gui/gui.egg-info/PKG-INFO
[0.762s] writing dependency_links to ../build/gui/gui.egg-info/dependency_links.txt
[0.762s] writing entry points to ../build/gui/gui.egg-info/entry_points.txt
[0.762s] writing requirements to ../build/gui/gui.egg-info/requires.txt
[0.762s] writing top-level names to ../build/gui/gui.egg-info/top_level.txt
[0.762s] writing manifest file '../build/gui/gui.egg-info/SOURCES.txt'
[0.786s] reading manifest file '../build/gui/gui.egg-info/SOURCES.txt'
[0.787s] writing manifest file '../build/gui/gui.egg-info/SOURCES.txt'
[0.787s] running build
[0.787s] running build_py
[0.788s] creating /home/jordyn/ros2_ws/src/visualization/build/gui/build/lib/gui
[0.788s] copying gui/gui.py -> /home/jordyn/ros2_ws/src/visualization/build/gui/build/lib/gui
[0.788s] copying gui/params_window.py -> /home/jordyn/ros2_ws/src/visualization/build/gui/build/lib/gui
[0.788s] copying gui/detection_visualizer.py -> /home/jordyn/ros2_ws/src/visualization/build/gui/build/lib/gui
[0.788s] copying gui/__init__.py -> /home/jordyn/ros2_ws/src/visualization/build/gui/build/lib/gui
[0.788s] running install
[0.791s] running install_lib
[0.804s] creating /home/jordyn/ros2_ws/src/visualization/install/gui/lib/python3.10/site-packages/gui
[0.804s] copying /home/jordyn/ros2_ws/src/visualization/build/gui/build/lib/gui/gui.py -> /home/jordyn/ros2_ws/src/visualization/install/gui/lib/python3.10/site-packages/gui
[0.804s] copying /home/jordyn/ros2_ws/src/visualization/build/gui/build/lib/gui/params_window.py -> /home/jordyn/ros2_ws/src/visualization/install/gui/lib/python3.10/site-packages/gui
[0.804s] copying /home/jordyn/ros2_ws/src/visualization/build/gui/build/lib/gui/detection_visualizer.py -> /home/jordyn/ros2_ws/src/visualization/install/gui/lib/python3.10/site-packages/gui
[0.804s] copying /home/jordyn/ros2_ws/src/visualization/build/gui/build/lib/gui/__init__.py -> /home/jordyn/ros2_ws/src/visualization/install/gui/lib/python3.10/site-packages/gui
[0.805s] byte-compiling /home/jordyn/ros2_ws/src/visualization/install/gui/lib/python3.10/site-packages/gui/gui.py to gui.cpython-310.pyc
[0.806s] byte-compiling /home/jordyn/ros2_ws/src/visualization/install/gui/lib/python3.10/site-packages/gui/params_window.py to params_window.cpython-310.pyc
[0.807s] byte-compiling /home/jordyn/ros2_ws/src/visualization/install/gui/lib/python3.10/site-packages/gui/detection_visualizer.py to detection_visualizer.cpython-310.pyc
[0.807s] byte-compiling /home/jordyn/ros2_ws/src/visualization/install/gui/lib/python3.10/site-packages/gui/__init__.py to __init__.cpython-310.pyc
[0.807s] running install_data
[0.808s] creating /home/jordyn/ros2_ws/src/visualization/install/gui/share/ament_index/resource_index/packages
[0.808s] copying resource/gui -> /home/jordyn/ros2_ws/src/visualization/install/gui/share/ament_index/resource_index/packages
[0.808s] copying package.xml -> /home/jordyn/ros2_ws/src/visualization/install/gui/share/gui
[0.808s] creating /home/jordyn/ros2_ws/src/visualization/install/gui/share/gui/launch
[0.808s] copying launch/launch.py -> /home/jordyn/ros2_ws/src/visualization/install/gui/share/gui/launch
[0.808s] running install_egg_info
[0.822s] Copying ../build/gui/gui.egg-info to /home/jordyn/ros2_ws/src/visualization/install/gui/lib/python3.10/site-packages/gui-0.0.0-py3.10.egg-info
[0.823s] running install_scripts
[0.933s] Installing detection_visualizer script to /home/jordyn/ros2_ws/src/visualization/install/gui/lib/gui
[0.933s] Installing gui script to /home/jordyn/ros2_ws/src/visualization/install/gui/lib/gui
[0.933s] Installing params_window script to /home/jordyn/ros2_ws/src/visualization/install/gui/lib/gui
[0.933s] writing list of installed files to '/home/jordyn/ros2_ws/src/visualization/build/gui/install.log'
[0.951s] Invoked command in '/home/jordyn/ros2_ws/src/visualization/gui' returned '0': PYTHONPATH=/home/jordyn/ros2_ws/src/visualization/build/gui/prefix_override:/usr/lib/python3/dist-packages/colcon_core/task/python/colcon_distutils_commands:/home/jordyn/ros2_ws/src/visualization/install/gui/lib/python3.10/site-packages:${PYTHONPATH} /usr/bin/python3 -W ignore:setup.py install is deprecated setup.py egg_info --egg-base ../build/gui build --build-base /home/jordyn/ros2_ws/src/visualization/build/gui/build install --record /home/jordyn/ros2_ws/src/visualization/build/gui/install.log --single-version-externally-managed install_data
